<?xml version="1.0" encoding="UTF-8"?>
<!-- Generated by org.testng.reporters.JUnitReportReporter -->
<testsuite skipped="1" hostname="DESKTOP-HUM9HJC" name="com.actiTIME.genericLib.BaseClass" tests="2" failures="0" timestamp="04 Jun 2018 13:30:20 GMT" time="48.439" errors="1">
  <testcase name="configBC" time="48.439" classname="com.actiTIME.genericLib.BaseClass">
    <error type="org.openqa.selenium.WebDriverException" message="Failed to connect to binary FirefoxBinary(C:\Program Files\Mozilla Firefox\firefox.exe) on port 7055; process output follows: 
d startup: PluginProvider
1528118976287	addons.manager	DEBUG	Completed startup sequence
Unable to read VR Path Registry from C:\Users\Priya\AppData\Local\openvr\openvrpaths.vrpath
Unable to read VR Path Registry from C:\Users\Priya\AppData\Local\openvr\openvrpaths.vrpath
1528118979573	addons.repository	DEBUG	No addons.json found.
1528118979593	addons.manager	DEBUG	Starting provider: PreviousExperimentProvider
1528118979593	addons.manager	DEBUG	Registering shutdown blocker for PreviousExperimentProvider
1528118979593	addons.manager	DEBUG	Provider finished startup: PreviousExperimentProvider
1528118982894	addons.xpi	INFO	Mapping fxdriver@googlecode.com to C:\Users\Priya\AppData\Local\Temp\anonymous5601395584492143935webdriver-profile\extensions\fxdriver@googlecode.com
1528118982895	addons.xpi	DEBUG	Ignoring file entry whose name is not a valid add-on ID: C:\Users\Priya\AppData\Local\Temp\anonymous5601395584492143935webdriver-profile\extensions\webdriver-staging
1528118982896	addons.xpi	DEBUG	Existing add-on fxdriver@googlecode.com in app-profile
1528118982897	addons.xpi	INFO	Mapping activity-stream@mozilla.org to C:\Program Files\Mozilla Firefox\browser\features\activity-stream@mozilla.org.xpi
1528118982898	addons.xpi	INFO	Mapping aushelper@mozilla.org to C:\Program Files\Mozilla Firefox\browser\features\aushelper@mozilla.org.xpi
1528118982898	addons.xpi	INFO	Mapping firefox@getpocket.com to C:\Program Files\Mozilla Firefox\browser\features\firefox@getpocket.com.xpi
1528118982898	addons.xpi	INFO	Mapping followonsearch@mozilla.com to C:\Program Files\Mozilla Firefox\browser\features\followonsearch@mozilla.com.xpi
1528118982898	addons.xpi	INFO	Mapping formautofill@mozilla.org to C:\Program Files\Mozilla Firefox\browser\features\formautofill@mozilla.org.xpi
1528118982898	addons.xpi	INFO	Mapping onboarding@mozilla.org to C:\Program Files\Mozilla Firefox\browser\features\onboarding@mozilla.org.xpi
1528118982898	addons.xpi	INFO	Mapping screenshots@mozilla.org to C:\Program Files\Mozilla Firefox\browser\features\screenshots@mozilla.org.xpi
1528118982899	addons.xpi	INFO	Mapping webcompat@mozilla.org to C:\Program Files\Mozilla Firefox\browser\features\webcompat@mozilla.org.xpi
1528118982900	addons.xpi	DEBUG	Existing add-on activity-stream@mozilla.org in app-system-defaults
1528118982901	addons.xpi	DEBUG	Existing add-on aushelper@mozilla.org in app-system-defaults
1528118982901	addons.xpi	DEBUG	Existing add-on firefox@getpocket.com in app-system-defaults
1528118982903	addons.xpi	DEBUG	Existing add-on followonsearch@mozilla.com in app-system-defaults
1528118982904	addons.xpi	DEBUG	Existing add-on formautofill@mozilla.org in app-system-defaults
1528118982905	addons.xpi	DEBUG	Existing add-on onboarding@mozilla.org in app-system-defaults
1528118982906	addons.xpi	DEBUG	Existing add-on screenshots@mozilla.org in app-system-defaults
1528118982907	addons.xpi	DEBUG	Existing add-on webcompat@mozilla.org in app-system-defaults
1528118982909	addons.xpi	INFO	Mapping {972ce4c6-7e08-4474-a285-3208198ce6fd} to C:\Program Files\Mozilla Firefox\browser\extensions\{972ce4c6-7e08-4474-a285-3208198ce6fd}.xpi
1528118982910	addons.xpi	DEBUG	Existing add-on {972ce4c6-7e08-4474-a285-3208198ce6fd} in app-global
1528118982911	addons.xpi	DEBUG	Existing add-on FT.FirefoxAgent@microfocus.com in winreg-app-global
1528118982912	addons.xpi	DEBUG	getInstallState changed: false, state: {}
Unable to read VR Path Registry from C:\Users\Priya\AppData\Local\openvr\openvrpaths.vrpath
Unable to read VR Path Registry from C:\Users\Priya\AppData\Local\openvr\openvrpaths.vrpath
[Parent 15024, Gecko_IOThread] WARNING: pipe error: 109: file z:/build/build/src/ipc/chromium/src/chrome/common/ipc_channel_win.cc, line 346
[Child 11764, Chrome_ChildThread] WARNING: pipe error: 109: file z:/build/build/src/ipc/chromium/src/chrome/common/ipc_channel_win.cc, line 346
Unable to read VR Path Registry from C:\Users\Priya\AppData\Local\openvr\openvrpaths.vrpath
Unable to read VR Path Registry from C:\Users\Priya\AppData\Local\openvr\openvrpaths.vrpath

Build info: version: &#039;2.53.1&#039;, revision: &#039;a36b8b1&#039;, time: &#039;2016-06-30 17:32:46&#039;
System info: host: &#039;DESKTOP-HUM9HJC&#039;, ip: &#039;192.168.1.9&#039;, os.name: &#039;Windows 10&#039;, os.arch: &#039;amd64&#039;, os.version: &#039;10.0&#039;, java.version: &#039;1.8.0_161&#039;
Driver info: driver.version: FirefoxDriver">
      <![CDATA[org.openqa.selenium.WebDriverException: Failed to connect to binary FirefoxBinary(C:\Program Files\Mozilla Firefox\firefox.exe) on port 7055; process output follows: 
d startup: PluginProvider
1528118976287addons.managerDEBUGCompleted startup sequence
Unable to read VR Path Registry from C:\Users\Priya\AppData\Local\openvr\openvrpaths.vrpath
Unable to read VR Path Registry from C:\Users\Priya\AppData\Local\openvr\openvrpaths.vrpath
1528118979573addons.repositoryDEBUGNo addons.json found.
1528118979593addons.managerDEBUGStarting provider: PreviousExperimentProvider
1528118979593addons.managerDEBUGRegistering shutdown blocker for PreviousExperimentProvider
1528118979593addons.managerDEBUGProvider finished startup: PreviousExperimentProvider
1528118982894addons.xpiINFOMapping fxdriver@googlecode.com to C:\Users\Priya\AppData\Local\Temp\anonymous5601395584492143935webdriver-profile\extensions\fxdriver@googlecode.com
1528118982895addons.xpiDEBUGIgnoring file entry whose name is not a valid add-on ID: C:\Users\Priya\AppData\Local\Temp\anonymous5601395584492143935webdriver-profile\extensions\webdriver-staging
1528118982896addons.xpiDEBUGExisting add-on fxdriver@googlecode.com in app-profile
1528118982897addons.xpiINFOMapping activity-stream@mozilla.org to C:\Program Files\Mozilla Firefox\browser\features\activity-stream@mozilla.org.xpi
1528118982898addons.xpiINFOMapping aushelper@mozilla.org to C:\Program Files\Mozilla Firefox\browser\features\aushelper@mozilla.org.xpi
1528118982898addons.xpiINFOMapping firefox@getpocket.com to C:\Program Files\Mozilla Firefox\browser\features\firefox@getpocket.com.xpi
1528118982898addons.xpiINFOMapping followonsearch@mozilla.com to C:\Program Files\Mozilla Firefox\browser\features\followonsearch@mozilla.com.xpi
1528118982898addons.xpiINFOMapping formautofill@mozilla.org to C:\Program Files\Mozilla Firefox\browser\features\formautofill@mozilla.org.xpi
1528118982898addons.xpiINFOMapping onboarding@mozilla.org to C:\Program Files\Mozilla Firefox\browser\features\onboarding@mozilla.org.xpi
1528118982898addons.xpiINFOMapping screenshots@mozilla.org to C:\Program Files\Mozilla Firefox\browser\features\screenshots@mozilla.org.xpi
1528118982899addons.xpiINFOMapping webcompat@mozilla.org to C:\Program Files\Mozilla Firefox\browser\features\webcompat@mozilla.org.xpi
1528118982900addons.xpiDEBUGExisting add-on activity-stream@mozilla.org in app-system-defaults
1528118982901addons.xpiDEBUGExisting add-on aushelper@mozilla.org in app-system-defaults
1528118982901addons.xpiDEBUGExisting add-on firefox@getpocket.com in app-system-defaults
1528118982903addons.xpiDEBUGExisting add-on followonsearch@mozilla.com in app-system-defaults
1528118982904addons.xpiDEBUGExisting add-on formautofill@mozilla.org in app-system-defaults
1528118982905addons.xpiDEBUGExisting add-on onboarding@mozilla.org in app-system-defaults
1528118982906addons.xpiDEBUGExisting add-on screenshots@mozilla.org in app-system-defaults
1528118982907addons.xpiDEBUGExisting add-on webcompat@mozilla.org in app-system-defaults
1528118982909addons.xpiINFOMapping {972ce4c6-7e08-4474-a285-3208198ce6fd} to C:\Program Files\Mozilla Firefox\browser\extensions\{972ce4c6-7e08-4474-a285-3208198ce6fd}.xpi
1528118982910addons.xpiDEBUGExisting add-on {972ce4c6-7e08-4474-a285-3208198ce6fd} in app-global
1528118982911addons.xpiDEBUGExisting add-on FT.FirefoxAgent@microfocus.com in winreg-app-global
1528118982912addons.xpiDEBUGgetInstallState changed: false, state: {}
Unable to read VR Path Registry from C:\Users\Priya\AppData\Local\openvr\openvrpaths.vrpath
Unable to read VR Path Registry from C:\Users\Priya\AppData\Local\openvr\openvrpaths.vrpath
[Parent 15024, Gecko_IOThread] WARNING: pipe error: 109: file z:/build/build/src/ipc/chromium/src/chrome/common/ipc_channel_win.cc, line 346
[Child 11764, Chrome_ChildThread] WARNING: pipe error: 109: file z:/build/build/src/ipc/chromium/src/chrome/common/ipc_channel_win.cc, line 346
Unable to read VR Path Registry from C:\Users\Priya\AppData\Local\openvr\openvrpaths.vrpath
Unable to read VR Path Registry from C:\Users\Priya\AppData\Local\openvr\openvrpaths.vrpath

Build info: version: '2.53.1', revision: 'a36b8b1', time: '2016-06-30 17:32:46'
System info: host: 'DESKTOP-HUM9HJC', ip: '192.168.1.9', os.name: 'Windows 10', os.arch: 'amd64', os.version: '10.0', java.version: '1.8.0_161'
Driver info: driver.version: FirefoxDriver
at org.openqa.selenium.firefox.internal.NewProfileExtensionConnection.start(NewProfileExtensionConnection.java:124)
at org.openqa.selenium.firefox.FirefoxDriver.startClient(FirefoxDriver.java:271)
at org.openqa.selenium.remote.RemoteWebDriver.<init>(RemoteWebDriver.java:119)
at org.openqa.selenium.firefox.FirefoxDriver.<init>(FirefoxDriver.java:218)
at org.openqa.selenium.firefox.FirefoxDriver.<init>(FirefoxDriver.java:211)
at org.openqa.selenium.firefox.FirefoxDriver.<init>(FirefoxDriver.java:207)
at org.openqa.selenium.firefox.FirefoxDriver.<init>(FirefoxDriver.java:120)
at com.actiTIME.genericLib.BaseClass.configBC(BaseClass.java:23)
at sun.reflect.NativeMethodAccessorImpl.invoke0(Native Method)
at sun.reflect.NativeMethodAccessorImpl.invoke(Unknown Source)
at sun.reflect.DelegatingMethodAccessorImpl.invoke(Unknown Source)
at java.lang.reflect.Method.invoke(Unknown Source)
at org.testng.internal.MethodInvocationHelper.invokeMethod(MethodInvocationHelper.java:124)
at org.testng.internal.MethodInvocationHelper.invokeMethodConsideringTimeout(MethodInvocationHelper.java:59)
at org.testng.internal.Invoker.invokeConfigurationMethod(Invoker.java:455)
at org.testng.internal.Invoker.invokeConfigurations(Invoker.java:222)
at org.testng.internal.Invoker.invokeConfigurations(Invoker.java:142)
at org.testng.internal.TestMethodWorker.invokeBeforeClassMethods(TestMethodWorker.java:168)
at org.testng.internal.TestMethodWorker.run(TestMethodWorker.java:105)
at org.testng.TestRunner.privateRun(TestRunner.java:648)
at org.testng.TestRunner.run(TestRunner.java:505)
at org.testng.SuiteRunner.runTest(SuiteRunner.java:455)
at org.testng.SuiteRunner.runSequentially(SuiteRunner.java:450)
at org.testng.SuiteRunner.privateRun(SuiteRunner.java:415)
at org.testng.SuiteRunner.run(SuiteRunner.java:364)
at org.testng.SuiteRunnerWorker.runSuite(SuiteRunnerWorker.java:52)
at org.testng.SuiteRunnerWorker.run(SuiteRunnerWorker.java:84)
at org.testng.TestNG.runSuitesSequentially(TestNG.java:1208)
at org.testng.TestNG.runSuitesLocally(TestNG.java:1137)
at org.testng.TestNG.runSuites(TestNG.java:1049)
at org.testng.TestNG.run(TestNG.java:1017)
at org.testng.remote.AbstractRemoteTestNG.run(AbstractRemoteTestNG.java:114)
at org.testng.remote.RemoteTestNG.initAndRun(RemoteTestNG.java:251)
at org.testng.remote.RemoteTestNG.main(RemoteTestNG.java:77)
Caused by: org.openqa.selenium.firefox.NotConnectedException: Unable to connect to host 127.0.0.1 on port 7055 after 45000 ms. Firefox console output:
d startup: PluginProvider
1528118976287addons.managerDEBUGCompleted startup sequence
Unable to read VR Path Registry from C:\Users\Priya\AppData\Local\openvr\openvrpaths.vrpath
Unable to read VR Path Registry from C:\Users\Priya\AppData\Local\openvr\openvrpaths.vrpath
1528118979573addons.repositoryDEBUGNo addons.json found.
1528118979593addons.managerDEBUGStarting provider: PreviousExperimentProvider
1528118979593addons.managerDEBUGRegistering shutdown blocker for PreviousExperimentProvider
1528118979593addons.managerDEBUGProvider finished startup: PreviousExperimentProvider
1528118982894addons.xpiINFOMapping fxdriver@googlecode.com to C:\Users\Priya\AppData\Local\Temp\anonymous5601395584492143935webdriver-profile\extensions\fxdriver@googlecode.com
1528118982895addons.xpiDEBUGIgnoring file entry whose name is not a valid add-on ID: C:\Users\Priya\AppData\Local\Temp\anonymous5601395584492143935webdriver-profile\extensions\webdriver-staging
1528118982896addons.xpiDEBUGExisting add-on fxdriver@googlecode.com in app-profile
1528118982897addons.xpiINFOMapping activity-stream@mozilla.org to C:\Program Files\Mozilla Firefox\browser\features\activity-stream@mozilla.org.xpi
1528118982898addons.xpiINFOMapping aushelper@mozilla.org to C:\Program Files\Mozilla Firefox\browser\features\aushelper@mozilla.org.xpi
1528118982898addons.xpiINFOMapping firefox@getpocket.com to C:\Program Files\Mozilla Firefox\browser\features\firefox@getpocket.com.xpi
1528118982898addons.xpiINFOMapping followonsearch@mozilla.com to C:\Program Files\Mozilla Firefox\browser\features\followonsearch@mozilla.com.xpi
1528118982898addons.xpiINFOMapping formautofill@mozilla.org to C:\Program Files\Mozilla Firefox\browser\features\formautofill@mozilla.org.xpi
1528118982898addons.xpiINFOMapping onboarding@mozilla.org to C:\Program Files\Mozilla Firefox\browser\features\onboarding@mozilla.org.xpi
1528118982898addons.xpiINFOMapping screenshots@mozilla.org to C:\Program Files\Mozilla Firefox\browser\features\screenshots@mozilla.org.xpi
1528118982899addons.xpiINFOMapping webcompat@mozilla.org to C:\Program Files\Mozilla Firefox\browser\features\webcompat@mozilla.org.xpi
1528118982900addons.xpiDEBUGExisting add-on activity-stream@mozilla.org in app-system-defaults
1528118982901addons.xpiDEBUGExisting add-on aushelper@mozilla.org in app-system-defaults
1528118982901addons.xpiDEBUGExisting add-on firefox@getpocket.com in app-system-defaults
1528118982903addons.xpiDEBUGExisting add-on followonsearch@mozilla.com in app-system-defaults
1528118982904addons.xpiDEBUGExisting add-on formautofill@mozilla.org in app-system-defaults
1528118982905addons.xpiDEBUGExisting add-on onboarding@mozilla.org in app-system-defaults
1528118982906addons.xpiDEBUGExisting add-on screenshots@mozilla.org in app-system-defaults
1528118982907addons.xpiDEBUGExisting add-on webcompat@mozilla.org in app-system-defaults
1528118982909addons.xpiINFOMapping {972ce4c6-7e08-4474-a285-3208198ce6fd} to C:\Program Files\Mozilla Firefox\browser\extensions\{972ce4c6-7e08-4474-a285-3208198ce6fd}.xpi
1528118982910addons.xpiDEBUGExisting add-on {972ce4c6-7e08-4474-a285-3208198ce6fd} in app-global
1528118982911addons.xpiDEBUGExisting add-on FT.FirefoxAgent@microfocus.com in winreg-app-global
1528118982912addons.xpiDEBUGgetInstallState changed: false, state: {}
Unable to read VR Path Registry from C:\Users\Priya\AppData\Local\openvr\openvrpaths.vrpath
Unable to read VR Path Registry from C:\Users\Priya\AppData\Local\openvr\openvrpaths.vrpath
[Parent 15024, Gecko_IOThread] WARNING: pipe error: 109: file z:/build/build/src/ipc/chromium/src/chrome/common/ipc_channel_win.cc, line 346
[Child 11764, Chrome_ChildThread] WARNING: pipe error: 109: file z:/build/build/src/ipc/chromium/src/chrome/common/ipc_channel_win.cc, line 346
Unable to read VR Path Registry from C:\Users\Priya\AppData\Local\openvr\openvrpaths.vrpath
Unable to read VR Path Registry from C:\Users\Priya\AppData\Local\openvr\openvrpaths.vrpath

at org.openqa.selenium.firefox.internal.NewProfileExtensionConnection.start(NewProfileExtensionConnection.java:112)
... 33 more
]]>
    </error>
  </testcase> <!-- configBC -->
  <testcase name="test" time="0.000" classname="com.actiTIME.genericLib.BaseClass">
    <skipped/>
  </testcase> <!-- test -->
</testsuite> <!-- com.actiTIME.genericLib.BaseClass -->
